  [1m[35m (0.1ms)[0m  [1m[34mSELECT sqlite_version(*)[0m
  ↳ /Users/bednarskimat/.rbenv/versions/2.4.1/bin/rake:22
  [1m[35m (1.4ms)[0m  [1m[35mCREATE TABLE "schema_migrations" ("version" varchar NOT NULL PRIMARY KEY)[0m
  ↳ /Users/bednarskimat/.rbenv/versions/2.4.1/bin/rake:22
  [1m[35m (1.1ms)[0m  [1m[35mCREATE TABLE "ar_internal_metadata" ("key" varchar NOT NULL PRIMARY KEY, "value" varchar, "created_at" datetime NOT NULL, "updated_at" datetime NOT NULL)[0m
  ↳ /Users/bednarskimat/.rbenv/versions/2.4.1/bin/rake:22
  [1m[35m (0.1ms)[0m  [1m[34mSELECT "schema_migrations"."version" FROM "schema_migrations" ORDER BY "schema_migrations"."version" ASC[0m
  ↳ /Users/bednarskimat/.rbenv/versions/2.4.1/bin/rake:22
Migrating to CreateFruits (20180806011749)
  [1m[35m (0.1ms)[0m  [1m[36mbegin transaction[0m
  ↳ /Users/bednarskimat/.rbenv/versions/2.4.1/bin/rake:22
  [1m[35m (0.3ms)[0m  [1m[35mCREATE TABLE "fruits" ("id" integer PRIMARY KEY AUTOINCREMENT NOT NULL, "name" varchar, "description" text, "created_at" datetime NOT NULL, "updated_at" datetime NOT NULL)[0m
  ↳ db/migrate/20180806011749_create_fruits.rb:3
  [1m[36mActiveRecord::SchemaMigration Create (0.2ms)[0m  [1m[32mINSERT INTO "schema_migrations" ("version") VALUES (?)[0m  [["version", "20180806011749"]]
  ↳ /Users/bednarskimat/.rbenv/versions/2.4.1/bin/rake:22
  [1m[35m (1.0ms)[0m  [1m[36mcommit transaction[0m
  ↳ /Users/bednarskimat/.rbenv/versions/2.4.1/bin/rake:22
  [1m[36mActiveRecord::InternalMetadata Load (0.2ms)[0m  [1m[34mSELECT  "ar_internal_metadata".* FROM "ar_internal_metadata" WHERE "ar_internal_metadata"."key" = ? LIMIT ?[0m  [["key", "environment"], ["LIMIT", 1]]
  ↳ /Users/bednarskimat/.rbenv/versions/2.4.1/bin/rake:22
  [1m[35m (0.0ms)[0m  [1m[36mbegin transaction[0m
  ↳ /Users/bednarskimat/.rbenv/versions/2.4.1/bin/rake:22
  [1m[36mActiveRecord::InternalMetadata Create (0.3ms)[0m  [1m[32mINSERT INTO "ar_internal_metadata" ("key", "value", "created_at", "updated_at") VALUES (?, ?, ?, ?)[0m  [["key", "environment"], ["value", "development"], ["created_at", "2018-08-06 01:29:40.241807"], ["updated_at", "2018-08-06 01:29:40.241807"]]
  ↳ /Users/bednarskimat/.rbenv/versions/2.4.1/bin/rake:22
  [1m[35m (0.7ms)[0m  [1m[36mcommit transaction[0m
  ↳ /Users/bednarskimat/.rbenv/versions/2.4.1/bin/rake:22
  [1m[35m (0.1ms)[0m  [1m[34mSELECT "schema_migrations"."version" FROM "schema_migrations" ORDER BY "schema_migrations"."version" ASC[0m
  ↳ /Users/bednarskimat/.rbenv/versions/2.4.1/bin/rake:22
  [1m[35m (0.1ms)[0m  [1m[34mSELECT "schema_migrations"."version" FROM "schema_migrations" ORDER BY "schema_migrations"."version" ASC[0m
  ↳ /Users/bednarskimat/.rbenv/versions/2.4.1/bin/rake:22
Started GET "/api/v1" for 127.0.0.1 at 2018-08-05 22:38:23 -0400
  [1m[35m (0.4ms)[0m  [1m[34mSELECT "schema_migrations"."version" FROM "schema_migrations" ORDER BY "schema_migrations"."version" ASC[0m
  ↳ /Users/bednarskimat/.rbenv/versions/2.4.1/lib/ruby/gems/2.4.0/gems/activerecord-5.2.0/lib/active_record/log_subscriber.rb:98
  
ActionController::RoutingError (No route matches [GET] "/api/v1"):
  
actionpack (5.2.0) lib/action_dispatch/middleware/debug_exceptions.rb:65:in `call'
web-console (3.6.2) lib/web_console/middleware.rb:135:in `call_app'
web-console (3.6.2) lib/web_console/middleware.rb:30:in `block in call'
web-console (3.6.2) lib/web_console/middleware.rb:20:in `catch'
web-console (3.6.2) lib/web_console/middleware.rb:20:in `call'
actionpack (5.2.0) lib/action_dispatch/middleware/show_exceptions.rb:33:in `call'
railties (5.2.0) lib/rails/rack/logger.rb:38:in `call_app'
railties (5.2.0) lib/rails/rack/logger.rb:26:in `block in call'
activesupport (5.2.0) lib/active_support/tagged_logging.rb:71:in `block in tagged'
activesupport (5.2.0) lib/active_support/tagged_logging.rb:28:in `tagged'
activesupport (5.2.0) lib/active_support/tagged_logging.rb:71:in `tagged'
railties (5.2.0) lib/rails/rack/logger.rb:26:in `call'
sprockets-rails (3.2.1) lib/sprockets/rails/quiet_assets.rb:13:in `call'
actionpack (5.2.0) lib/action_dispatch/middleware/remote_ip.rb:81:in `call'
actionpack (5.2.0) lib/action_dispatch/middleware/request_id.rb:27:in `call'
rack (2.0.5) lib/rack/method_override.rb:22:in `call'
rack (2.0.5) lib/rack/runtime.rb:22:in `call'
activesupport (5.2.0) lib/active_support/cache/strategy/local_cache_middleware.rb:29:in `call'
actionpack (5.2.0) lib/action_dispatch/middleware/executor.rb:14:in `call'
actionpack (5.2.0) lib/action_dispatch/middleware/static.rb:127:in `call'
rack (2.0.5) lib/rack/sendfile.rb:111:in `call'
railties (5.2.0) lib/rails/engine.rb:524:in `call'
puma (3.12.0) lib/puma/configuration.rb:225:in `call'
puma (3.12.0) lib/puma/server.rb:658:in `handle_request'
puma (3.12.0) lib/puma/server.rb:472:in `process_client'
puma (3.12.0) lib/puma/server.rb:332:in `block in run'
puma (3.12.0) lib/puma/thread_pool.rb:133:in `block in spawn_thread'
Started GET "/api/v1/fruits.json" for 127.0.0.1 at 2018-08-05 22:38:36 -0400
Processing by Api::V1::FruitsController#index as JSON
  [1m[36mFruit Load (0.5ms)[0m  [1m[34mSELECT "fruits".* FROM "fruits"[0m
  ↳ app/controllers/api/v1/fruits_controller.rb:4
Completed 200 OK in 7ms (Views: 2.6ms | ActiveRecord: 0.7ms)


Started GET "/api/v1/fruits" for 127.0.0.1 at 2018-08-05 22:38:40 -0400
Processing by Api::V1::FruitsController#index as HTML
  [1m[36mFruit Load (0.1ms)[0m  [1m[34mSELECT "fruits".* FROM "fruits"[0m
  ↳ app/controllers/api/v1/fruits_controller.rb:4
Completed 200 OK in 2ms (Views: 1.1ms | ActiveRecord: 0.1ms)


  [1m[35m (0.1ms)[0m  [1m[34mSELECT "schema_migrations"."version" FROM "schema_migrations" ORDER BY "schema_migrations"."version" ASC[0m
  ↳ bin/rails:9
  [1m[35m (0.1ms)[0m  [1m[34mSELECT "schema_migrations"."version" FROM "schema_migrations" ORDER BY "schema_migrations"."version" ASC[0m
  ↳ bin/rails:9
  [1m[35m (0.1ms)[0m  [1m[36mbegin transaction[0m
  ↳ db/seeds.rb:10
  [1m[36mFruit Create (1.3ms)[0m  [1m[32mINSERT INTO "fruits" ("name", "description", "created_at", "updated_at") VALUES (?, ?, ?, ?)[0m  [["name", "Mango"], ["description", "I am delicious Mango"], ["created_at", "2018-08-06 02:39:39.390919"], ["updated_at", "2018-08-06 02:39:39.390919"]]
  ↳ db/seeds.rb:10
  [1m[35m (1.2ms)[0m  [1m[36mcommit transaction[0m
  ↳ db/seeds.rb:10
  [1m[35m (0.1ms)[0m  [1m[36mbegin transaction[0m
  ↳ db/seeds.rb:10
  [1m[36mFruit Create (0.3ms)[0m  [1m[32mINSERT INTO "fruits" ("name", "description", "created_at", "updated_at") VALUES (?, ?, ?, ?)[0m  [["name", "Pineapple"], ["description", "I am delicious Pineapple"], ["created_at", "2018-08-06 02:39:39.395471"], ["updated_at", "2018-08-06 02:39:39.395471"]]
  ↳ db/seeds.rb:10
  [1m[35m (0.9ms)[0m  [1m[36mcommit transaction[0m
  ↳ db/seeds.rb:10
  [1m[35m (0.0ms)[0m  [1m[36mbegin transaction[0m
  ↳ db/seeds.rb:10
  [1m[36mFruit Create (0.3ms)[0m  [1m[32mINSERT INTO "fruits" ("name", "description", "created_at", "updated_at") VALUES (?, ?, ?, ?)[0m  [["name", "Passion fruit"], ["description", "I am delicious Passion fruit"], ["created_at", "2018-08-06 02:39:39.398192"], ["updated_at", "2018-08-06 02:39:39.398192"]]
  ↳ db/seeds.rb:10
  [1m[35m (1.1ms)[0m  [1m[36mcommit transaction[0m
  ↳ db/seeds.rb:10
  [1m[35m (0.0ms)[0m  [1m[36mbegin transaction[0m
  ↳ db/seeds.rb:10
  [1m[36mFruit Create (0.3ms)[0m  [1m[32mINSERT INTO "fruits" ("name", "description", "created_at", "updated_at") VALUES (?, ?, ?, ?)[0m  [["name", "Dragonfruit"], ["description", "I am delicious Dragonfruit"], ["created_at", "2018-08-06 02:39:39.400828"], ["updated_at", "2018-08-06 02:39:39.400828"]]
  ↳ db/seeds.rb:10
  [1m[35m (0.8ms)[0m  [1m[36mcommit transaction[0m
  ↳ db/seeds.rb:10
Started GET "/api/v1/fruits" for 127.0.0.1 at 2018-08-05 22:39:42 -0400
Processing by Api::V1::FruitsController#index as HTML
  [1m[36mFruit Load (0.2ms)[0m  [1m[34mSELECT "fruits".* FROM "fruits"[0m
  ↳ app/controllers/api/v1/fruits_controller.rb:4
Completed 200 OK in 23ms (Views: 22.4ms | ActiveRecord: 0.6ms)


Started GET "/" for 127.0.0.1 at 2018-08-05 22:48:37 -0400
  
ActionController::RoutingError (uninitialized constant SiteController):
  
bootsnap (1.3.1) lib/bootsnap/load_path_cache/core_ext/active_support.rb:53:in `block in load_missing_constant'
bootsnap (1.3.1) lib/bootsnap/load_path_cache/core_ext/active_support.rb:8:in `without_bootsnap_cache'
bootsnap (1.3.1) lib/bootsnap/load_path_cache/core_ext/active_support.rb:53:in `rescue in load_missing_constant'
bootsnap (1.3.1) lib/bootsnap/load_path_cache/core_ext/active_support.rb:43:in `load_missing_constant'
activesupport (5.2.0) lib/active_support/inflector/methods.rb:283:in `const_get'
activesupport (5.2.0) lib/active_support/inflector/methods.rb:283:in `block in constantize'
activesupport (5.2.0) lib/active_support/inflector/methods.rb:281:in `each'
activesupport (5.2.0) lib/active_support/inflector/methods.rb:281:in `inject'
activesupport (5.2.0) lib/active_support/inflector/methods.rb:281:in `constantize'
actionpack (5.2.0) lib/action_dispatch/http/request.rb:88:in `controller_class_for'
actionpack (5.2.0) lib/action_dispatch/http/request.rb:81:in `controller_class'
actionpack (5.2.0) lib/action_dispatch/routing/route_set.rb:46:in `controller'
actionpack (5.2.0) lib/action_dispatch/routing/route_set.rb:32:in `serve'
actionpack (5.2.0) lib/action_dispatch/journey/router.rb:52:in `block in serve'
actionpack (5.2.0) lib/action_dispatch/journey/router.rb:35:in `each'
actionpack (5.2.0) lib/action_dispatch/journey/router.rb:35:in `serve'
actionpack (5.2.0) lib/action_dispatch/routing/route_set.rb:840:in `call'
rack (2.0.5) lib/rack/tempfile_reaper.rb:15:in `call'
rack (2.0.5) lib/rack/etag.rb:25:in `call'
rack (2.0.5) lib/rack/conditional_get.rb:25:in `call'
rack (2.0.5) lib/rack/head.rb:12:in `call'
actionpack (5.2.0) lib/action_dispatch/http/content_security_policy.rb:18:in `call'
rack (2.0.5) lib/rack/session/abstract/id.rb:232:in `context'
rack (2.0.5) lib/rack/session/abstract/id.rb:226:in `call'
actionpack (5.2.0) lib/action_dispatch/middleware/cookies.rb:670:in `call'
activerecord (5.2.0) lib/active_record/migration.rb:559:in `call'
actionpack (5.2.0) lib/action_dispatch/middleware/callbacks.rb:28:in `block in call'
activesupport (5.2.0) lib/active_support/callbacks.rb:98:in `run_callbacks'
actionpack (5.2.0) lib/action_dispatch/middleware/callbacks.rb:26:in `call'
actionpack (5.2.0) lib/action_dispatch/middleware/executor.rb:14:in `call'
actionpack (5.2.0) lib/action_dispatch/middleware/debug_exceptions.rb:61:in `call'
web-console (3.6.2) lib/web_console/middleware.rb:135:in `call_app'
web-console (3.6.2) lib/web_console/middleware.rb:30:in `block in call'
web-console (3.6.2) lib/web_console/middleware.rb:20:in `catch'
web-console (3.6.2) lib/web_console/middleware.rb:20:in `call'
actionpack (5.2.0) lib/action_dispatch/middleware/show_exceptions.rb:33:in `call'
railties (5.2.0) lib/rails/rack/logger.rb:38:in `call_app'
railties (5.2.0) lib/rails/rack/logger.rb:26:in `block in call'
activesupport (5.2.0) lib/active_support/tagged_logging.rb:71:in `block in tagged'
activesupport (5.2.0) lib/active_support/tagged_logging.rb:28:in `tagged'
activesupport (5.2.0) lib/active_support/tagged_logging.rb:71:in `tagged'
railties (5.2.0) lib/rails/rack/logger.rb:26:in `call'
sprockets-rails (3.2.1) lib/sprockets/rails/quiet_assets.rb:13:in `call'
actionpack (5.2.0) lib/action_dispatch/middleware/remote_ip.rb:81:in `call'
actionpack (5.2.0) lib/action_dispatch/middleware/request_id.rb:27:in `call'
rack (2.0.5) lib/rack/method_override.rb:22:in `call'
rack (2.0.5) lib/rack/runtime.rb:22:in `call'
activesupport (5.2.0) lib/active_support/cache/strategy/local_cache_middleware.rb:29:in `call'
actionpack (5.2.0) lib/action_dispatch/middleware/executor.rb:14:in `call'
actionpack (5.2.0) lib/action_dispatch/middleware/static.rb:127:in `call'
rack (2.0.5) lib/rack/sendfile.rb:111:in `call'
railties (5.2.0) lib/rails/engine.rb:524:in `call'
puma (3.12.0) lib/puma/configuration.rb:225:in `call'
puma (3.12.0) lib/puma/server.rb:658:in `handle_request'
puma (3.12.0) lib/puma/server.rb:472:in `process_client'
puma (3.12.0) lib/puma/server.rb:332:in `block in run'
puma (3.12.0) lib/puma/thread_pool.rb:133:in `block in spawn_thread'
Started GET "/" for 127.0.0.1 at 2018-08-05 22:49:27 -0400
Processing by HomeController#index as HTML
  Rendering home/index.html.erb within layouts/application
  Rendered home/index.html.erb within layouts/application (0.4ms)
Completed 200 OK in 2739ms (Views: 2737.0ms | ActiveRecord: 0.0ms)


Started GET "/" for 127.0.0.1 at 2018-08-05 22:51:28 -0400
Processing by HomeController#index as HTML
  Rendering home/index.html.erb within layouts/application
  Rendered home/index.html.erb within layouts/application (0.5ms)
Completed 200 OK in 889ms (Views: 886.1ms | ActiveRecord: 0.0ms)


Started GET "/" for 127.0.0.1 at 2018-08-05 22:51:42 -0400
Processing by HomeController#index as HTML
  Rendering home/index.html.erb within layouts/application
  Rendered home/index.html.erb within layouts/application (0.6ms)
Completed 200 OK in 867ms (Views: 864.7ms | ActiveRecord: 0.0ms)


Started GET "/" for 127.0.0.1 at 2018-08-05 22:52:01 -0400
Processing by HomeController#index as HTML
  Rendering home/index.html.erb within layouts/application
  Rendered home/index.html.erb within layouts/application (0.6ms)
Completed 200 OK in 29ms (Views: 27.2ms | ActiveRecord: 0.0ms)


Started GET "/" for 127.0.0.1 at 2018-08-05 22:52:29 -0400
Processing by HomeController#index as HTML
  Rendering home/index.html.erb within layouts/application
  Rendered home/index.html.erb within layouts/application (0.4ms)
Completed 200 OK in 878ms (Views: 875.7ms | ActiveRecord: 0.0ms)


Started GET "/" for 127.0.0.1 at 2018-08-05 22:58:22 -0400
Processing by HomeController#index as HTML
  Rendering home/index.html.erb within layouts/application
  Rendered home/index.html.erb within layouts/application (0.5ms)
Completed 200 OK in 943ms (Views: 939.6ms | ActiveRecord: 0.0ms)


Started GET "/api/v1/fruits.json" for 127.0.0.1 at 2018-08-05 22:58:24 -0400
Processing by Api::V1::FruitsController#index as JSON
  [1m[36mFruit Load (0.3ms)[0m  [1m[34mSELECT "fruits".* FROM "fruits"[0m
  ↳ app/controllers/api/v1/fruits_controller.rb:4
Completed 200 OK in 13ms (Views: 9.6ms | ActiveRecord: 0.9ms)


Started GET "/" for 127.0.0.1 at 2018-08-06 09:46:19 -0400
Processing by HomeController#index as HTML
  Rendering home/index.html.erb within layouts/application
  Rendered home/index.html.erb within layouts/application (2.4ms)
Completed 200 OK in 2677ms (Views: 2671.9ms | ActiveRecord: 0.0ms)


Started GET "/api/v1/fruits.json" for 127.0.0.1 at 2018-08-06 09:46:23 -0400
Processing by Api::V1::FruitsController#index as JSON
  [1m[36mFruit Load (0.5ms)[0m  [1m[34mSELECT "fruits".* FROM "fruits"[0m
  ↳ app/controllers/api/v1/fruits_controller.rb:4
Completed 200 OK in 11ms (Views: 6.8ms | ActiveRecord: 1.6ms)


Started GET "/" for 127.0.0.1 at 2018-08-06 09:55:27 -0400
Processing by HomeController#index as HTML
  Rendering home/index.html.erb within layouts/application
  Rendered home/index.html.erb within layouts/application (0.4ms)
Completed 200 OK in 1625ms (Views: 1622.9ms | ActiveRecord: 0.0ms)


Started GET "/api/v1/fruits.json" for 127.0.0.1 at 2018-08-06 09:55:28 -0400
Processing by Api::V1::FruitsController#index as JSON
  [1m[36mFruit Load (0.4ms)[0m  [1m[34mSELECT "fruits".* FROM "fruits"[0m
  ↳ app/controllers/api/v1/fruits_controller.rb:4
Completed 200 OK in 10ms (Views: 6.2ms | ActiveRecord: 1.0ms)


Started GET "/" for 127.0.0.1 at 2018-08-06 12:02:17 -0400
Processing by HomeController#index as HTML
  Rendering home/index.html.erb within layouts/application
  Rendered home/index.html.erb within layouts/application (1.7ms)
Completed 500 Internal Server Error in 836ms (ActiveRecord: 0.0ms)


  
ActionView::Template::Error (SyntaxError: unknown: Unexpected token (25:43)
  23 |         return(
  24 |             <div>
> 25 |                 <NewFruit handleFormSubmit{this.handleFormSubmit}/>
     |                                            ^
  26 |                 <AllFruits fruits={this.state.fruits} />
  27 |             </div>
  28 |         )):
     6:     <%= csp_meta_tag %>
     7: 
     8:     <%= stylesheet_link_tag    'application', media: 'all', 'data-turbolinks-track': 'reload' %>
     9:     <%= javascript_include_tag 'application', 'data-turbolinks-track': 'reload' %>
    10:   </head>
    11: 
    12:   <body>
  
app/views/layouts/application.html.erb:9:in `_app_views_layouts_application_html_erb___2498334846970694676_70344723266320'
Started GET "/" for 127.0.0.1 at 2018-08-06 12:02:55 -0400
Processing by HomeController#index as HTML
  Rendering home/index.html.erb within layouts/application
  Rendered home/index.html.erb within layouts/application (0.6ms)
Completed 200 OK in 1651ms (Views: 1648.8ms | ActiveRecord: 0.0ms)


Started GET "/api/v1/fruits.json" for 127.0.0.1 at 2018-08-06 12:02:57 -0400
Processing by Api::V1::FruitsController#index as JSON
  [1m[36mFruit Load (0.5ms)[0m  [1m[34mSELECT "fruits".* FROM "fruits"[0m
  ↳ app/controllers/api/v1/fruits_controller.rb:4
Completed 200 OK in 12ms (Views: 7.7ms | ActiveRecord: 1.1ms)


Started GET "/" for 127.0.0.1 at 2018-08-06 12:16:34 -0400
Processing by HomeController#index as HTML
  Rendering home/index.html.erb within layouts/application
  Rendered home/index.html.erb within layouts/application (0.6ms)
Completed 200 OK in 993ms (Views: 989.6ms | ActiveRecord: 0.0ms)


Started GET "/api/v1/fruits.json" for 127.0.0.1 at 2018-08-06 12:16:35 -0400
Processing by Api::V1::FruitsController#index as JSON
  [1m[36mFruit Load (0.5ms)[0m  [1m[34mSELECT "fruits".* FROM "fruits"[0m
  ↳ app/controllers/api/v1/fruits_controller.rb:4
Completed 200 OK in 12ms (Views: 8.5ms | ActiveRecord: 1.1ms)


Started POST "/api/v1/fruits" for 127.0.0.1 at 2018-08-06 12:16:57 -0400
Processing by Api::V1::FruitsController#create as */*
  Parameters: {"fruit"=>{"name"=>"food", "description"=>"ddd"}}
Can't verify CSRF token authenticity.
Unpermitted parameter: :description
  [1m[35m (0.1ms)[0m  [1m[36mbegin transaction[0m
  ↳ app/controllers/api/v1/fruits_controller.rb:8
  [1m[36mFruit Create (0.8ms)[0m  [1m[32mINSERT INTO "fruits" ("name", "created_at", "updated_at") VALUES (?, ?, ?)[0m  [["name", "food"], ["created_at", "2018-08-06 16:16:57.452191"], ["updated_at", "2018-08-06 16:16:57.452191"]]
  ↳ app/controllers/api/v1/fruits_controller.rb:8
  [1m[35m (1.8ms)[0m  [1m[36mcommit transaction[0m
  ↳ app/controllers/api/v1/fruits_controller.rb:8
Completed 200 OK in 19ms (Views: 0.4ms | ActiveRecord: 2.8ms)


Started POST "/api/v1/fruits" for 127.0.0.1 at 2018-08-06 12:18:30 -0400
Processing by Api::V1::FruitsController#create as */*
  Parameters: {"fruit"=>{"name"=>"food", "description"=>"ddd"}}
Can't verify CSRF token authenticity.
Unpermitted parameter: :description
  [1m[35m (0.0ms)[0m  [1m[36mbegin transaction[0m
  ↳ app/controllers/api/v1/fruits_controller.rb:8
  [1m[36mFruit Create (0.8ms)[0m  [1m[32mINSERT INTO "fruits" ("name", "created_at", "updated_at") VALUES (?, ?, ?)[0m  [["name", "food"], ["created_at", "2018-08-06 16:18:30.823753"], ["updated_at", "2018-08-06 16:18:30.823753"]]
  ↳ app/controllers/api/v1/fruits_controller.rb:8
  [1m[35m (1.4ms)[0m  [1m[36mcommit transaction[0m
  ↳ app/controllers/api/v1/fruits_controller.rb:8
Completed 200 OK in 12ms (Views: 1.1ms | ActiveRecord: 2.8ms)


Started GET "/" for 127.0.0.1 at 2018-08-06 12:18:32 -0400
Processing by HomeController#index as HTML
  Rendering home/index.html.erb within layouts/application
  Rendered home/index.html.erb within layouts/application (1.4ms)
Completed 200 OK in 949ms (Views: 946.3ms | ActiveRecord: 0.0ms)


Started GET "/api/v1/fruits.json" for 127.0.0.1 at 2018-08-06 12:18:33 -0400
Processing by Api::V1::FruitsController#index as JSON
  [1m[36mFruit Load (0.2ms)[0m  [1m[34mSELECT "fruits".* FROM "fruits"[0m
  ↳ app/controllers/api/v1/fruits_controller.rb:4
Completed 200 OK in 3ms (Views: 2.1ms | ActiveRecord: 0.2ms)


Started POST "/api/v1/fruits" for 127.0.0.1 at 2018-08-06 12:18:42 -0400
Processing by Api::V1::FruitsController#create as */*
  Parameters: {"fruit"=>{"name"=>"Peach", "description"=>"this is so good"}}
Can't verify CSRF token authenticity.
Unpermitted parameter: :description
  [1m[35m (0.1ms)[0m  [1m[36mbegin transaction[0m
  ↳ app/controllers/api/v1/fruits_controller.rb:8
  [1m[36mFruit Create (0.4ms)[0m  [1m[32mINSERT INTO "fruits" ("name", "created_at", "updated_at") VALUES (?, ?, ?)[0m  [["name", "Peach"], ["created_at", "2018-08-06 16:18:42.979560"], ["updated_at", "2018-08-06 16:18:42.979560"]]
  ↳ app/controllers/api/v1/fruits_controller.rb:8
  [1m[35m (1.3ms)[0m  [1m[36mcommit transaction[0m
  ↳ app/controllers/api/v1/fruits_controller.rb:8
Completed 200 OK in 7ms (Views: 0.4ms | ActiveRecord: 1.7ms)


Started POST "/api/v1/fruits" for 127.0.0.1 at 2018-08-06 12:19:57 -0400
Processing by Api::V1::FruitsController#create as */*
  Parameters: {"fruit"=>{"name"=>"Peach", "description"=>"this is so good"}}
Can't verify CSRF token authenticity.
Unpermitted parameter: :description
  [1m[35m (0.1ms)[0m  [1m[36mbegin transaction[0m
  ↳ app/controllers/api/v1/fruits_controller.rb:8
  [1m[36mFruit Create (0.2ms)[0m  [1m[32mINSERT INTO "fruits" ("name", "created_at", "updated_at") VALUES (?, ?, ?)[0m  [["name", "Peach"], ["created_at", "2018-08-06 16:19:57.125037"], ["updated_at", "2018-08-06 16:19:57.125037"]]
  ↳ app/controllers/api/v1/fruits_controller.rb:8
  [1m[35m (1.4ms)[0m  [1m[36mcommit transaction[0m
  ↳ app/controllers/api/v1/fruits_controller.rb:8
Completed 200 OK in 9ms (Views: 0.5ms | ActiveRecord: 2.2ms)


Started POST "/api/v1/fruits" for 127.0.0.1 at 2018-08-06 12:19:58 -0400
Processing by Api::V1::FruitsController#create as */*
  Parameters: {"fruit"=>{"name"=>"Peach", "description"=>"this is so good"}}
Can't verify CSRF token authenticity.
Unpermitted parameter: :description
  [1m[35m (0.1ms)[0m  [1m[36mbegin transaction[0m
  ↳ app/controllers/api/v1/fruits_controller.rb:8
  [1m[36mFruit Create (0.6ms)[0m  [1m[32mINSERT INTO "fruits" ("name", "created_at", "updated_at") VALUES (?, ?, ?)[0m  [["name", "Peach"], ["created_at", "2018-08-06 16:19:58.109215"], ["updated_at", "2018-08-06 16:19:58.109215"]]
  ↳ app/controllers/api/v1/fruits_controller.rb:8
  [1m[35m (1.1ms)[0m  [1m[36mcommit transaction[0m
  ↳ app/controllers/api/v1/fruits_controller.rb:8
Completed 200 OK in 5ms (Views: 0.3ms | ActiveRecord: 1.7ms)


Started GET "/" for 127.0.0.1 at 2018-08-06 12:20:14 -0400
Processing by HomeController#index as HTML
  Rendering home/index.html.erb within layouts/application
  Rendered home/index.html.erb within layouts/application (0.7ms)
Completed 200 OK in 52ms (Views: 48.7ms | ActiveRecord: 0.0ms)


Started GET "/api/v1/fruits.json" for 127.0.0.1 at 2018-08-06 12:20:14 -0400
Processing by Api::V1::FruitsController#index as JSON
  [1m[36mFruit Load (0.2ms)[0m  [1m[34mSELECT "fruits".* FROM "fruits"[0m
  ↳ app/controllers/api/v1/fruits_controller.rb:4
Completed 200 OK in 3ms (Views: 2.3ms | ActiveRecord: 0.2ms)


Started GET "/api/v1" for 127.0.0.1 at 2018-08-06 12:26:13 -0400
  
ActionController::RoutingError (No route matches [GET] "/api/v1"):
  
actionpack (5.2.0) lib/action_dispatch/middleware/debug_exceptions.rb:65:in `call'
web-console (3.6.2) lib/web_console/middleware.rb:135:in `call_app'
web-console (3.6.2) lib/web_console/middleware.rb:30:in `block in call'
web-console (3.6.2) lib/web_console/middleware.rb:20:in `catch'
web-console (3.6.2) lib/web_console/middleware.rb:20:in `call'
actionpack (5.2.0) lib/action_dispatch/middleware/show_exceptions.rb:33:in `call'
railties (5.2.0) lib/rails/rack/logger.rb:38:in `call_app'
railties (5.2.0) lib/rails/rack/logger.rb:26:in `block in call'
activesupport (5.2.0) lib/active_support/tagged_logging.rb:71:in `block in tagged'
activesupport (5.2.0) lib/active_support/tagged_logging.rb:28:in `tagged'
activesupport (5.2.0) lib/active_support/tagged_logging.rb:71:in `tagged'
railties (5.2.0) lib/rails/rack/logger.rb:26:in `call'
sprockets-rails (3.2.1) lib/sprockets/rails/quiet_assets.rb:13:in `call'
actionpack (5.2.0) lib/action_dispatch/middleware/remote_ip.rb:81:in `call'
actionpack (5.2.0) lib/action_dispatch/middleware/request_id.rb:27:in `call'
rack (2.0.5) lib/rack/method_override.rb:22:in `call'
rack (2.0.5) lib/rack/runtime.rb:22:in `call'
activesupport (5.2.0) lib/active_support/cache/strategy/local_cache_middleware.rb:29:in `call'
actionpack (5.2.0) lib/action_dispatch/middleware/executor.rb:14:in `call'
actionpack (5.2.0) lib/action_dispatch/middleware/static.rb:127:in `call'
rack (2.0.5) lib/rack/sendfile.rb:111:in `call'
railties (5.2.0) lib/rails/engine.rb:524:in `call'
puma (3.12.0) lib/puma/configuration.rb:225:in `call'
puma (3.12.0) lib/puma/server.rb:658:in `handle_request'
puma (3.12.0) lib/puma/server.rb:472:in `process_client'
puma (3.12.0) lib/puma/server.rb:332:in `block in run'
puma (3.12.0) lib/puma/thread_pool.rb:133:in `block in spawn_thread'
Started GET "/api/v1/fruits" for 127.0.0.1 at 2018-08-06 12:26:18 -0400
Processing by Api::V1::FruitsController#index as HTML
  [1m[36mFruit Load (0.2ms)[0m  [1m[34mSELECT "fruits".* FROM "fruits"[0m
  ↳ app/controllers/api/v1/fruits_controller.rb:4
Completed 200 OK in 6ms (Views: 5.1ms | ActiveRecord: 0.2ms)


Started GET "/" for 127.0.0.1 at 2018-08-06 12:31:12 -0400
Processing by HomeController#index as HTML
  Rendering home/index.html.erb within layouts/application
  Rendered home/index.html.erb within layouts/application (0.6ms)
Completed 200 OK in 1059ms (Views: 1054.7ms | ActiveRecord: 0.0ms)


Started GET "/api/v1/fruits.json" for 127.0.0.1 at 2018-08-06 12:31:13 -0400
Processing by Api::V1::FruitsController#index as JSON
  [1m[36mFruit Load (0.2ms)[0m  [1m[34mSELECT "fruits".* FROM "fruits"[0m
  ↳ app/controllers/api/v1/fruits_controller.rb:4
Completed 200 OK in 17ms (Views: 12.3ms | ActiveRecord: 1.1ms)


Started GET "/" for 127.0.0.1 at 2018-08-06 12:32:00 -0400
Processing by HomeController#index as HTML
  Rendering home/index.html.erb within layouts/application
  Rendered home/index.html.erb within layouts/application (0.5ms)
Completed 200 OK in 77ms (Views: 74.7ms | ActiveRecord: 0.0ms)


Started GET "/api/v1/fruits.json" for 127.0.0.1 at 2018-08-06 12:32:00 -0400
Processing by Api::V1::FruitsController#index as JSON
  [1m[36mFruit Load (0.5ms)[0m  [1m[34mSELECT "fruits".* FROM "fruits"[0m
  ↳ app/controllers/api/v1/fruits_controller.rb:4
Completed 200 OK in 3ms (Views: 2.3ms | ActiveRecord: 0.5ms)


Started GET "/" for 127.0.0.1 at 2018-08-06 12:34:14 -0400
Processing by HomeController#index as HTML
  Rendering home/index.html.erb within layouts/application
  Rendered home/index.html.erb within layouts/application (1.2ms)
Completed 200 OK in 944ms (Views: 941.7ms | ActiveRecord: 0.0ms)


Started GET "/api/v1/fruits.json" for 127.0.0.1 at 2018-08-06 12:34:15 -0400
Processing by Api::V1::FruitsController#index as JSON
  [1m[36mFruit Load (0.3ms)[0m  [1m[34mSELECT "fruits".* FROM "fruits"[0m
  ↳ app/controllers/api/v1/fruits_controller.rb:4
Completed 200 OK in 13ms (Views: 9.4ms | ActiveRecord: 1.1ms)


Started POST "/api/v1/fruits" for 127.0.0.1 at 2018-08-06 12:34:20 -0400
Processing by Api::V1::FruitsController#create as */*
  Parameters: {"fruit"=>{"name"=>"", "description"=>""}}
Can't verify CSRF token authenticity.
Unpermitted parameter: :description
  [1m[35m (0.1ms)[0m  [1m[36mbegin transaction[0m
  ↳ app/controllers/api/v1/fruits_controller.rb:8
  [1m[36mFruit Create (0.4ms)[0m  [1m[32mINSERT INTO "fruits" ("name", "created_at", "updated_at") VALUES (?, ?, ?)[0m  [["name", ""], ["created_at", "2018-08-06 16:34:20.411595"], ["updated_at", "2018-08-06 16:34:20.411595"]]
  ↳ app/controllers/api/v1/fruits_controller.rb:8
  [1m[35m (2.1ms)[0m  [1m[36mcommit transaction[0m
  ↳ app/controllers/api/v1/fruits_controller.rb:8
Completed 200 OK in 10ms (Views: 0.3ms | ActiveRecord: 2.7ms)


Started POST "/api/v1/fruits" for 127.0.0.1 at 2018-08-06 12:34:23 -0400
Processing by Api::V1::FruitsController#create as */*
  Parameters: {"fruit"=>{"name"=>"s", "description"=>"s"}}
Can't verify CSRF token authenticity.
Unpermitted parameter: :description
  [1m[35m (0.1ms)[0m  [1m[36mbegin transaction[0m
  ↳ app/controllers/api/v1/fruits_controller.rb:8
  [1m[36mFruit Create (0.4ms)[0m  [1m[32mINSERT INTO "fruits" ("name", "created_at", "updated_at") VALUES (?, ?, ?)[0m  [["name", "s"], ["created_at", "2018-08-06 16:34:23.598468"], ["updated_at", "2018-08-06 16:34:23.598468"]]
  ↳ app/controllers/api/v1/fruits_controller.rb:8
  [1m[35m (0.9ms)[0m  [1m[36mcommit transaction[0m
  ↳ app/controllers/api/v1/fruits_controller.rb:8
Completed 200 OK in 6ms (Views: 0.3ms | ActiveRecord: 1.3ms)


Started GET "/" for 127.0.0.1 at 2018-08-06 12:42:11 -0400
Processing by HomeController#index as HTML
  Rendering home/index.html.erb within layouts/application
  Rendered home/index.html.erb within layouts/application (0.6ms)
Completed 200 OK in 54ms (Views: 50.6ms | ActiveRecord: 0.0ms)


Started GET "/api/v1/fruits.json" for 127.0.0.1 at 2018-08-06 12:42:12 -0400
Processing by Api::V1::FruitsController#index as JSON
  [1m[36mFruit Load (0.6ms)[0m  [1m[34mSELECT "fruits".* FROM "fruits"[0m
  ↳ app/controllers/api/v1/fruits_controller.rb:4
Completed 200 OK in 14ms (Views: 9.3ms | ActiveRecord: 1.3ms)


Started POST "/api/v1/fruits" for 127.0.0.1 at 2018-08-06 12:42:22 -0400
Processing by Api::V1::FruitsController#create as */*
  Parameters: {"fruit"=>{"name"=>"PeachFuzz", "description"=>"fuzzy"}}
Can't verify CSRF token authenticity.
  [1m[35m (0.1ms)[0m  [1m[36mbegin transaction[0m
  ↳ app/controllers/api/v1/fruits_controller.rb:8
  [1m[36mFruit Create (0.8ms)[0m  [1m[32mINSERT INTO "fruits" ("name", "description", "created_at", "updated_at") VALUES (?, ?, ?, ?)[0m  [["name", "PeachFuzz"], ["description", "fuzzy"], ["created_at", "2018-08-06 16:42:22.056334"], ["updated_at", "2018-08-06 16:42:22.056334"]]
  ↳ app/controllers/api/v1/fruits_controller.rb:8
  [1m[35m (2.2ms)[0m  [1m[36mcommit transaction[0m
  ↳ app/controllers/api/v1/fruits_controller.rb:8
Completed 200 OK in 7ms (Views: 0.5ms | ActiveRecord: 3.1ms)


Started GET "/" for 127.0.0.1 at 2018-08-06 17:50:06 -0400
Processing by HomeController#index as HTML
  Rendering home/index.html.erb within layouts/application
  Rendered home/index.html.erb within layouts/application (1.7ms)
Completed 200 OK in 1738ms (Views: 1733.9ms | ActiveRecord: 0.0ms)


Started GET "/api/v1/fruits.json" for 127.0.0.1 at 2018-08-06 17:50:09 -0400
Processing by Api::V1::FruitsController#index as JSON
  [1m[36mFruit Load (0.6ms)[0m  [1m[34mSELECT "fruits".* FROM "fruits"[0m
  ↳ app/controllers/api/v1/fruits_controller.rb:4
Completed 200 OK in 26ms (Views: 20.2ms | ActiveRecord: 1.9ms)


Started GET "/" for 127.0.0.1 at 2018-08-06 18:14:15 -0400
Processing by HomeController#index as HTML
  Rendering home/index.html.erb within layouts/application
  Rendered home/index.html.erb within layouts/application (2.4ms)
Completed 200 OK in 2577ms (Views: 2573.7ms | ActiveRecord: 0.0ms)


Started GET "/api/v1/fruits.json" for 127.0.0.1 at 2018-08-06 18:14:18 -0400
Processing by Api::V1::FruitsController#index as JSON
  [1m[36mFruit Load (0.5ms)[0m  [1m[34mSELECT "fruits".* FROM "fruits"[0m
  ↳ app/controllers/api/v1/fruits_controller.rb:4
Completed 200 OK in 14ms (Views: 9.3ms | ActiveRecord: 2.6ms)


Started DELETE "/api/v1/fruits/9" for 127.0.0.1 at 2018-08-06 18:14:22 -0400
Processing by Api::V1::FruitsController#destroy as */*
  Parameters: {"id"=>"9", "fruit"=>{}}
Can't verify CSRF token authenticity.
  [1m[36mFruit Load (0.3ms)[0m  [1m[34mSELECT  "fruits".* FROM "fruits" WHERE "fruits"."id" = ? LIMIT ?[0m  [["id", 9], ["LIMIT", 1]]
  ↳ app/controllers/api/v1/fruits_controller.rb:13
  [1m[35m (0.1ms)[0m  [1m[36mbegin transaction[0m
  ↳ app/controllers/api/v1/fruits_controller.rb:13
  [1m[36mFruit Destroy (0.9ms)[0m  [1m[31mDELETE FROM "fruits" WHERE "fruits"."id" = ?[0m  [["id", 9]]
  ↳ app/controllers/api/v1/fruits_controller.rb:13
  [1m[35m (2.7ms)[0m  [1m[36mcommit transaction[0m
  ↳ app/controllers/api/v1/fruits_controller.rb:13
No template found for Api::V1::FruitsController#destroy, rendering head :no_content
Completed 204 No Content in 173ms (ActiveRecord: 4.0ms)


Started DELETE "/api/v1/fruits/8" for 127.0.0.1 at 2018-08-06 18:14:23 -0400
Processing by Api::V1::FruitsController#destroy as */*
  Parameters: {"id"=>"8", "fruit"=>{}}
Can't verify CSRF token authenticity.
  [1m[36mFruit Load (0.1ms)[0m  [1m[34mSELECT  "fruits".* FROM "fruits" WHERE "fruits"."id" = ? LIMIT ?[0m  [["id", 8], ["LIMIT", 1]]
  ↳ app/controllers/api/v1/fruits_controller.rb:13
  [1m[35m (0.1ms)[0m  [1m[36mbegin transaction[0m
  ↳ app/controllers/api/v1/fruits_controller.rb:13
  [1m[36mFruit Destroy (0.3ms)[0m  [1m[31mDELETE FROM "fruits" WHERE "fruits"."id" = ?[0m  [["id", 8]]
  ↳ app/controllers/api/v1/fruits_controller.rb:13
  [1m[35m (0.9ms)[0m  [1m[36mcommit transaction[0m
  ↳ app/controllers/api/v1/fruits_controller.rb:13
No template found for Api::V1::FruitsController#destroy, rendering head :no_content
Completed 204 No Content in 116ms (ActiveRecord: 1.4ms)


Started DELETE "/api/v1/fruits/7" for 127.0.0.1 at 2018-08-06 18:14:23 -0400
Processing by Api::V1::FruitsController#destroy as */*
  Parameters: {"id"=>"7", "fruit"=>{}}
Can't verify CSRF token authenticity.
  [1m[36mFruit Load (0.1ms)[0m  [1m[34mSELECT  "fruits".* FROM "fruits" WHERE "fruits"."id" = ? LIMIT ?[0m  [["id", 7], ["LIMIT", 1]]
  ↳ app/controllers/api/v1/fruits_controller.rb:13
  [1m[35m (0.1ms)[0m  [1m[36mbegin transaction[0m
  ↳ app/controllers/api/v1/fruits_controller.rb:13
  [1m[36mFruit Destroy (0.3ms)[0m  [1m[31mDELETE FROM "fruits" WHERE "fruits"."id" = ?[0m  [["id", 7]]
  ↳ app/controllers/api/v1/fruits_controller.rb:13
  [1m[35m (0.9ms)[0m  [1m[36mcommit transaction[0m
  ↳ app/controllers/api/v1/fruits_controller.rb:13
No template found for Api::V1::FruitsController#destroy, rendering head :no_content
Completed 204 No Content in 113ms (ActiveRecord: 1.4ms)


Started DELETE "/api/v1/fruits/6" for 127.0.0.1 at 2018-08-06 18:14:24 -0400
Processing by Api::V1::FruitsController#destroy as */*
  Parameters: {"id"=>"6", "fruit"=>{}}
Can't verify CSRF token authenticity.
  [1m[36mFruit Load (0.1ms)[0m  [1m[34mSELECT  "fruits".* FROM "fruits" WHERE "fruits"."id" = ? LIMIT ?[0m  [["id", 6], ["LIMIT", 1]]
  ↳ app/controllers/api/v1/fruits_controller.rb:13
  [1m[35m (0.1ms)[0m  [1m[36mbegin transaction[0m
  ↳ app/controllers/api/v1/fruits_controller.rb:13
  [1m[36mFruit Destroy (0.3ms)[0m  [1m[31mDELETE FROM "fruits" WHERE "fruits"."id" = ?[0m  [["id", 6]]
  ↳ app/controllers/api/v1/fruits_controller.rb:13
  [1m[35m (1.5ms)[0m  [1m[36mcommit transaction[0m
  ↳ app/controllers/api/v1/fruits_controller.rb:13
No template found for Api::V1::FruitsController#destroy, rendering head :no_content
Completed 204 No Content in 119ms (ActiveRecord: 1.9ms)


Started DELETE "/api/v1/fruits/5" for 127.0.0.1 at 2018-08-06 18:14:24 -0400
Processing by Api::V1::FruitsController#destroy as */*
  Parameters: {"id"=>"5", "fruit"=>{}}
Can't verify CSRF token authenticity.
  [1m[36mFruit Load (0.1ms)[0m  [1m[34mSELECT  "fruits".* FROM "fruits" WHERE "fruits"."id" = ? LIMIT ?[0m  [["id", 5], ["LIMIT", 1]]
  ↳ app/controllers/api/v1/fruits_controller.rb:13
  [1m[35m (0.0ms)[0m  [1m[36mbegin transaction[0m
  ↳ app/controllers/api/v1/fruits_controller.rb:13
  [1m[36mFruit Destroy (0.3ms)[0m  [1m[31mDELETE FROM "fruits" WHERE "fruits"."id" = ?[0m  [["id", 5]]
  ↳ app/controllers/api/v1/fruits_controller.rb:13
  [1m[35m (0.8ms)[0m  [1m[36mcommit transaction[0m
  ↳ app/controllers/api/v1/fruits_controller.rb:13
No template found for Api::V1::FruitsController#destroy, rendering head :no_content
Completed 204 No Content in 114ms (ActiveRecord: 1.2ms)


Started DELETE "/api/v1/fruits/10" for 127.0.0.1 at 2018-08-06 18:14:24 -0400
Processing by Api::V1::FruitsController#destroy as */*
  Parameters: {"id"=>"10", "fruit"=>{}}
Can't verify CSRF token authenticity.
  [1m[36mFruit Load (0.1ms)[0m  [1m[34mSELECT  "fruits".* FROM "fruits" WHERE "fruits"."id" = ? LIMIT ?[0m  [["id", 10], ["LIMIT", 1]]
  ↳ app/controllers/api/v1/fruits_controller.rb:13
  [1m[35m (0.0ms)[0m  [1m[36mbegin transaction[0m
  ↳ app/controllers/api/v1/fruits_controller.rb:13
  [1m[36mFruit Destroy (0.3ms)[0m  [1m[31mDELETE FROM "fruits" WHERE "fruits"."id" = ?[0m  [["id", 10]]
  ↳ app/controllers/api/v1/fruits_controller.rb:13
  [1m[35m (1.6ms)[0m  [1m[36mcommit transaction[0m
  ↳ app/controllers/api/v1/fruits_controller.rb:13
No template found for Api::V1::FruitsController#destroy, rendering head :no_content
Completed 204 No Content in 112ms (ActiveRecord: 2.1ms)


Started DELETE "/api/v1/fruits/11" for 127.0.0.1 at 2018-08-06 18:14:25 -0400
Processing by Api::V1::FruitsController#destroy as */*
  Parameters: {"id"=>"11", "fruit"=>{}}
Can't verify CSRF token authenticity.
  [1m[36mFruit Load (0.1ms)[0m  [1m[34mSELECT  "fruits".* FROM "fruits" WHERE "fruits"."id" = ? LIMIT ?[0m  [["id", 11], ["LIMIT", 1]]
  ↳ app/controllers/api/v1/fruits_controller.rb:13
  [1m[35m (0.0ms)[0m  [1m[36mbegin transaction[0m
  ↳ app/controllers/api/v1/fruits_controller.rb:13
  [1m[36mFruit Destroy (0.3ms)[0m  [1m[31mDELETE FROM "fruits" WHERE "fruits"."id" = ?[0m  [["id", 11]]
  ↳ app/controllers/api/v1/fruits_controller.rb:13
  [1m[35m (1.2ms)[0m  [1m[36mcommit transaction[0m
  ↳ app/controllers/api/v1/fruits_controller.rb:13
No template found for Api::V1::FruitsController#destroy, rendering head :no_content
Completed 204 No Content in 117ms (ActiveRecord: 1.6ms)


Started DELETE "/api/v1/fruits/12" for 127.0.0.1 at 2018-08-06 18:14:26 -0400
Processing by Api::V1::FruitsController#destroy as */*
  Parameters: {"id"=>"12", "fruit"=>{}}
Can't verify CSRF token authenticity.
  [1m[36mFruit Load (0.1ms)[0m  [1m[34mSELECT  "fruits".* FROM "fruits" WHERE "fruits"."id" = ? LIMIT ?[0m  [["id", 12], ["LIMIT", 1]]
  ↳ app/controllers/api/v1/fruits_controller.rb:13
  [1m[35m (0.1ms)[0m  [1m[36mbegin transaction[0m
  ↳ app/controllers/api/v1/fruits_controller.rb:13
  [1m[36mFruit Destroy (0.3ms)[0m  [1m[31mDELETE FROM "fruits" WHERE "fruits"."id" = ?[0m  [["id", 12]]
  ↳ app/controllers/api/v1/fruits_controller.rb:13
  [1m[35m (0.9ms)[0m  [1m[36mcommit transaction[0m
  ↳ app/controllers/api/v1/fruits_controller.rb:13
No template found for Api::V1::FruitsController#destroy, rendering head :no_content
Completed 204 No Content in 132ms (ActiveRecord: 1.4ms)


